<?xml version="1.0" encoding="UTF-8"?>
<coverage generated="1746572827307" clover="3.2.0">
  <project timestamp="1746572827307" name="All files">
    <metrics statements="55" coveredstatements="37" conditionals="46" coveredconditionals="27" methods="7" coveredmethods="6" elements="108" coveredelements="70" complexity="0" loc="55" ncloc="55" packages="2" files="2" classes="2"/>
    <package name="controllers">
      <metrics statements="46" coveredstatements="28" conditionals="26" coveredconditionals="14" methods="6" coveredmethods="5"/>
      <file name="cepController.js" path="C:\Users\Usuario\Documents\GitHub\via-cep\backend\src\controllers\cepController.js">
        <metrics statements="46" coveredstatements="28" conditionals="26" coveredconditionals="14" methods="6" coveredmethods="5"/>
        <line num="1" count="1" type="stmt"/>
        <line num="2" count="1" type="stmt"/>
        <line num="5" count="0" type="stmt"/>
        <line num="6" count="0" type="stmt"/>
        <line num="7" count="0" type="stmt"/>
        <line num="8" count="0" type="stmt"/>
        <line num="9" count="0" type="stmt"/>
        <line num="11" count="0" type="stmt"/>
        <line num="13" count="0" type="cond" truecount="0" falsecount="2"/>
        <line num="14" count="0" type="stmt"/>
        <line num="15" count="0" type="stmt"/>
        <line num="18" count="0" type="stmt"/>
        <line num="19" count="0" type="stmt"/>
        <line num="20" count="0" type="stmt"/>
        <line num="23" count="0" type="stmt"/>
        <line num="25" count="0" type="stmt"/>
        <line num="26" count="0" type="cond" truecount="0" falsecount="2"/>
        <line num="27" count="0" type="stmt"/>
        <line num="32" count="2" type="stmt"/>
        <line num="33" count="2" type="stmt"/>
        <line num="34" count="1" type="cond" truecount="1" falsecount="1"/>
        <line num="36" count="1" type="stmt"/>
        <line num="37" count="1" type="stmt"/>
        <line num="38" count="1" type="stmt"/>
        <line num="49" count="1" type="stmt"/>
        <line num="51" count="1" type="cond" truecount="2" falsecount="0"/>
        <line num="52" count="1" type="stmt"/>
        <line num="57" count="2" type="stmt"/>
        <line num="59" count="2" type="stmt"/>
        <line num="60" count="2" type="stmt"/>
        <line num="71" count="1" type="stmt"/>
        <line num="73" count="1" type="cond" truecount="2" falsecount="0"/>
        <line num="74" count="1" type="stmt"/>
        <line num="120" count="2" type="stmt"/>
        <line num="122" count="2" type="stmt"/>
        <line num="123" count="2" type="stmt"/>
        <line num="132" count="1" type="stmt"/>
        <line num="134" count="1" type="cond" truecount="2" falsecount="0"/>
        <line num="135" count="1" type="stmt"/>
        <line num="140" count="1" type="stmt"/>
        <line num="142" count="1" type="stmt"/>
        <line num="143" count="1" type="stmt"/>
        <line num="149" count="1" type="stmt"/>
        <line num="151" count="0" type="cond" truecount="0" falsecount="2"/>
        <line num="152" count="0" type="stmt"/>
        <line num="156" count="1" type="stmt"/>
      </file>
    </package>
    <package name="services">
      <metrics statements="9" coveredstatements="9" conditionals="20" coveredconditionals="13" methods="1" coveredmethods="1"/>
      <file name="viaCepService.js" path="C:\Users\Usuario\Documents\GitHub\via-cep\backend\src\services\viaCepService.js">
        <metrics statements="9" coveredstatements="9" conditionals="20" coveredconditionals="13" methods="1" coveredmethods="1"/>
        <line num="1" count="2" type="stmt"/>
        <line num="3" count="2" type="stmt"/>
        <line num="6" count="2" type="stmt"/>
        <line num="8" count="2" type="stmt"/>
        <line num="23" count="2" type="stmt"/>
        <line num="24" count="2" type="stmt"/>
        <line num="26" count="1" type="cond" truecount="2" falsecount="0"/>
        <line num="27" count="1" type="stmt"/>
        <line num="31" count="2" type="stmt"/>
      </file>
    </package>
  </project>
</coverage>
