{"C:\\Users\\Usuario\\Documents\\GitHub\\via-cep\\backend\\src\\app.js": {"path":"C:\\Users\\Usuario\\Documents\\GitHub\\via-cep\\backend\\src\\app.js","statementMap":{"0":{"start":{"line":1,"column":0},"end":{"line":1,"column":27}},"1":{"start":{"line":3,"column":16},"end":{"line":3,"column":34}},"2":{"start":{"line":4,"column":19},"end":{"line":4,"column":41}},"3":{"start":{"line":5,"column":13},"end":{"line":5,"column":28}},"4":{"start":{"line":7,"column":17},"end":{"line":7,"column":60}},"5":{"start":{"line":8,"column":17},"end":{"line":8,"column":60}},"6":{"start":{"line":9,"column":18},"end":{"line":9,"column":63}},"7":{"start":{"line":10,"column":26},"end":{"line":10,"column":78}},"8":{"start":{"line":12,"column":12},"end":{"line":12,"column":21}},"9":{"start":{"line":14,"column":0},"end":{"line":14,"column":16}},"10":{"start":{"line":15,"column":0},"end":{"line":15,"column":27}},"11":{"start":{"line":17,"column":0},"end":{"line":25,"column":3}},"12":{"start":{"line":18,"column":2},"end":{"line":24,"column":3}},"13":{"start":{"line":19,"column":4},"end":{"line":19,"column":21}},"14":{"start":{"line":20,"column":4},"end":{"line":20,"column":73}},"15":{"start":{"line":22,"column":4},"end":{"line":22,"column":43}},"16":{"start":{"line":23,"column":4},"end":{"line":23,"column":62}},"17":{"start":{"line":27,"column":0},"end":{"line":27,"column":27}},"18":{"start":{"line":28,"column":0},"end":{"line":28,"column":59}},"19":{"start":{"line":29,"column":0},"end":{"line":29,"column":35}},"20":{"start":{"line":31,"column":0},"end":{"line":31,"column":21}}},"fnMap":{"0":{"name":"(anonymous_0)","decl":{"start":{"line":17,"column":17},"end":{"line":17,"column":18}},"loc":{"start":{"line":17,"column":37},"end":{"line":25,"column":1}},"line":17}},"branchMap":{},"s":{"0":4,"1":4,"2":4,"3":4,"4":4,"5":4,"6":4,"7":4,"8":4,"9":4,"10":4,"11":4,"12":1,"13":1,"14":1,"15":0,"16":0,"17":4,"18":4,"19":4,"20":4},"f":{"0":1},"b":{},"_coverageSchema":"1a1c01bbd47fc00a2c39e90264f33305004495a9","hash":"01f1ad5d8d8d6bb19f65ed44dfb5e59c2b5c6f0a"}
,"C:\\Users\\Usuario\\Documents\\GitHub\\via-cep\\backend\\src\\controllers\\listCepsController.js": {"path":"C:\\Users\\Usuario\\Documents\\GitHub\\via-cep\\backend\\src\\controllers\\listCepsController.js","statementMap":{"0":{"start":{"line":1,"column":14},"end":{"line":1,"column":30}},"1":{"start":{"line":4,"column":2},"end":{"line":25,"column":3}},"2":{"start":{"line":5,"column":21},"end":{"line":5,"column":73}},"3":{"start":{"line":6,"column":22},"end":{"line":6,"column":51}},"4":{"start":{"line":8,"column":17},"end":{"line":19,"column":6}},"5":{"start":{"line":9,"column":19},"end":{"line":9,"column":29}},"6":{"start":{"line":10,"column":6},"end":{"line":18,"column":8}},"7":{"start":{"line":21,"column":4},"end":{"line":21,"column":31}},"8":{"start":{"line":23,"column":4},"end":{"line":23,"column":80}},"9":{"start":{"line":24,"column":4},"end":{"line":24,"column":58}},"10":{"start":{"line":28,"column":0},"end":{"line":28,"column":25}}},"fnMap":{"0":{"name":"listCeps","decl":{"start":{"line":3,"column":15},"end":{"line":3,"column":23}},"loc":{"start":{"line":3,"column":34},"end":{"line":26,"column":1}},"line":3},"1":{"name":"(anonymous_1)","decl":{"start":{"line":8,"column":31},"end":{"line":8,"column":32}},"loc":{"start":{"line":8,"column":38},"end":{"line":19,"column":5}},"line":8}},"branchMap":{"0":{"loc":{"start":{"line":6,"column":22},"end":{"line":6,"column":51}},"type":"binary-expr","locations":[{"start":{"line":6,"column":22},"end":{"line":6,"column":45}},{"start":{"line":6,"column":49},"end":{"line":6,"column":51}}],"line":6},"1":{"loc":{"start":{"line":12,"column":13},"end":{"line":12,"column":40}},"type":"binary-expr","locations":[{"start":{"line":12,"column":13},"end":{"line":12,"column":34}},{"start":{"line":12,"column":38},"end":{"line":12,"column":40}}],"line":12},"2":{"loc":{"start":{"line":13,"column":20},"end":{"line":13,"column":54}},"type":"binary-expr","locations":[{"start":{"line":13,"column":20},"end":{"line":13,"column":48}},{"start":{"line":13,"column":52},"end":{"line":13,"column":54}}],"line":13},"3":{"loc":{"start":{"line":14,"column":16},"end":{"line":14,"column":46}},"type":"binary-expr","locations":[{"start":{"line":14,"column":16},"end":{"line":14,"column":40}},{"start":{"line":14,"column":44},"end":{"line":14,"column":46}}],"line":14},"4":{"loc":{"start":{"line":15,"column":20},"end":{"line":15,"column":54}},"type":"binary-expr","locations":[{"start":{"line":15,"column":20},"end":{"line":15,"column":48}},{"start":{"line":15,"column":52},"end":{"line":15,"column":54}}],"line":15},"5":{"loc":{"start":{"line":16,"column":12},"end":{"line":16,"column":38}},"type":"binary-expr","locations":[{"start":{"line":16,"column":12},"end":{"line":16,"column":32}},{"start":{"line":16,"column":36},"end":{"line":16,"column":38}}],"line":16},"6":{"loc":{"start":{"line":17,"column":20},"end":{"line":17,"column":58}},"type":"binary-expr","locations":[{"start":{"line":17,"column":20},"end":{"line":17,"column":49}},{"start":{"line":17,"column":53},"end":{"line":17,"column":58}}],"line":17},"7":{"loc":{"start":{"line":23,"column":41},"end":{"line":23,"column":78}},"type":"binary-expr","locations":[{"start":{"line":23,"column":41},"end":{"line":23,"column":61}},{"start":{"line":23,"column":65},"end":{"line":23,"column":78}}],"line":23}},"s":{"0":4,"1":1,"2":1,"3":1,"4":1,"5":1,"6":1,"7":1,"8":0,"9":0,"10":4},"f":{"0":1,"1":1},"b":{"0":[1,0],"1":[1,0],"2":[1,0],"3":[1,0],"4":[1,0],"5":[1,0],"6":[1,0],"7":[0,0]},"_coverageSchema":"1a1c01bbd47fc00a2c39e90264f33305004495a9","hash":"ede1f44f0ca8b69e445ead37223f27bc1ce0a74f"}
,"C:\\Users\\Usuario\\Documents\\GitHub\\via-cep\\backend\\src\\controllers\\syncCepsController.js": {"path":"C:\\Users\\Usuario\\Documents\\GitHub\\via-cep\\backend\\src\\controllers\\syncCepsController.js","statementMap":{"0":{"start":{"line":1,"column":14},"end":{"line":1,"column":30}},"1":{"start":{"line":2,"column":31},"end":{"line":2,"column":67}},"2":{"start":{"line":5,"column":14},"end":{"line":5,"column":73}},"3":{"start":{"line":6,"column":2},"end":{"line":28,"column":3}},"4":{"start":{"line":7,"column":4},"end":{"line":7,"column":48}},"5":{"start":{"line":8,"column":21},"end":{"line":8,"column":41}},"6":{"start":{"line":9,"column":4},"end":{"line":9,"column":61}},"7":{"start":{"line":11,"column":17},"end":{"line":11,"column":30}},"8":{"start":{"line":13,"column":4},"end":{"line":16,"column":5}},"9":{"start":{"line":14,"column":6},"end":{"line":14,"column":65}},"10":{"start":{"line":15,"column":6},"end":{"line":15,"column":54}},"11":{"start":{"line":18,"column":4},"end":{"line":21,"column":5}},"12":{"start":{"line":19,"column":6},"end":{"line":19,"column":37}},"13":{"start":{"line":20,"column":6},"end":{"line":20,"column":39}},"14":{"start":{"line":23,"column":4},"end":{"line":23,"column":48}},"15":{"start":{"line":25,"column":4},"end":{"line":25,"column":56}},"16":{"start":{"line":26,"column":4},"end":{"line":26,"column":74}},"17":{"start":{"line":27,"column":4},"end":{"line":27,"column":46}},"18":{"start":{"line":31,"column":0},"end":{"line":31,"column":25}}},"fnMap":{"0":{"name":"syncCeps","decl":{"start":{"line":4,"column":15},"end":{"line":4,"column":23}},"loc":{"start":{"line":4,"column":26},"end":{"line":29,"column":1}},"line":4}},"branchMap":{"0":{"loc":{"start":{"line":13,"column":4},"end":{"line":16,"column":5}},"type":"if","locations":[{"start":{"line":13,"column":4},"end":{"line":16,"column":5}},{"start":{},"end":{}}],"line":13},"1":{"loc":{"start":{"line":26,"column":37},"end":{"line":26,"column":72}},"type":"binary-expr","locations":[{"start":{"line":26,"column":37},"end":{"line":26,"column":57}},{"start":{"line":26,"column":61},"end":{"line":26,"column":72}}],"line":26}},"s":{"0":4,"1":4,"2":1,"3":1,"4":1,"5":1,"6":1,"7":1,"8":1,"9":0,"10":0,"11":1,"12":2,"13":2,"14":1,"15":0,"16":0,"17":0,"18":4},"f":{"0":1},"b":{"0":[0,1],"1":[0,0]},"_coverageSchema":"1a1c01bbd47fc00a2c39e90264f33305004495a9","hash":"74c1037a8a99adb2461fffb97d02cc085182fc0f"}
,"C:\\Users\\Usuario\\Documents\\GitHub\\via-cep\\backend\\src\\controllers\\toggleFavoriteCepController.js": {"path":"C:\\Users\\Usuario\\Documents\\GitHub\\via-cep\\backend\\src\\controllers\\toggleFavoriteCepController.js","statementMap":{"0":{"start":{"line":1,"column":14},"end":{"line":1,"column":30}},"1":{"start":{"line":4,"column":16},"end":{"line":4,"column":30}},"2":{"start":{"line":6,"column":2},"end":{"line":24,"column":3}},"3":{"start":{"line":7,"column":23},"end":{"line":7,"column":84}},"4":{"start":{"line":8,"column":30},"end":{"line":8,"column":76}},"5":{"start":{"line":10,"column":26},"end":{"line":10,"column":44}},"6":{"start":{"line":12,"column":21},"end":{"line":16,"column":6}},"7":{"start":{"line":18,"column":4},"end":{"line":20,"column":7}},"8":{"start":{"line":22,"column":4},"end":{"line":22,"column":100}},"9":{"start":{"line":23,"column":4},"end":{"line":23,"column":78}},"10":{"start":{"line":27,"column":0},"end":{"line":27,"column":34}}},"fnMap":{"0":{"name":"toggleFavoriteCep","decl":{"start":{"line":3,"column":15},"end":{"line":3,"column":32}},"loc":{"start":{"line":3,"column":43},"end":{"line":25,"column":1}},"line":3}},"branchMap":{"0":{"loc":{"start":{"line":19,"column":31},"end":{"line":19,"column":94}},"type":"cond-expr","locations":[{"start":{"line":19,"column":47},"end":{"line":19,"column":67}},{"start":{"line":19,"column":70},"end":{"line":19,"column":94}}],"line":19},"1":{"loc":{"start":{"line":22,"column":61},"end":{"line":22,"column":98}},"type":"binary-expr","locations":[{"start":{"line":22,"column":61},"end":{"line":22,"column":81}},{"start":{"line":22,"column":85},"end":{"line":22,"column":98}}],"line":22}},"s":{"0":4,"1":1,"2":1,"3":1,"4":1,"5":1,"6":1,"7":1,"8":0,"9":0,"10":4},"f":{"0":1},"b":{"0":[1,0],"1":[0,0]},"_coverageSchema":"1a1c01bbd47fc00a2c39e90264f33305004495a9","hash":"f3b1ff3accc87a484e32310e1d6c43e02691be6e"}
,"C:\\Users\\Usuario\\Documents\\GitHub\\via-cep\\backend\\src\\controllers\\updateCepsController.js": {"path":"C:\\Users\\Usuario\\Documents\\GitHub\\via-cep\\backend\\src\\controllers\\updateCepsController.js","statementMap":{"0":{"start":{"line":1,"column":14},"end":{"line":1,"column":30}},"1":{"start":{"line":4,"column":18},"end":{"line":4,"column":28}},"2":{"start":{"line":5,"column":33},"end":{"line":5,"column":41}},"3":{"start":{"line":7,"column":2},"end":{"line":28,"column":3}},"4":{"start":{"line":9,"column":19},"end":{"line":9,"column":61}},"5":{"start":{"line":10,"column":23},"end":{"line":10,"column":46}},"6":{"start":{"line":12,"column":17},"end":{"line":12,"column":39}},"7":{"start":{"line":14,"column":24},"end":{"line":18,"column":5}},"8":{"start":{"line":20,"column":21},"end":{"line":22,"column":6}},"9":{"start":{"line":24,"column":4},"end":{"line":24,"column":95}},"10":{"start":{"line":26,"column":4},"end":{"line":26,"column":80}},"11":{"start":{"line":27,"column":4},"end":{"line":27,"column":62}},"12":{"start":{"line":31,"column":0},"end":{"line":31,"column":26}}},"fnMap":{"0":{"name":"updateCep","decl":{"start":{"line":3,"column":15},"end":{"line":3,"column":24}},"loc":{"start":{"line":3,"column":35},"end":{"line":29,"column":1}},"line":3}},"branchMap":{"0":{"loc":{"start":{"line":16,"column":33},"end":{"line":16,"column":74}},"type":"binary-expr","locations":[{"start":{"line":16,"column":33},"end":{"line":16,"column":43}},{"start":{"line":16,"column":47},"end":{"line":16,"column":74}}],"line":16},"1":{"loc":{"start":{"line":17,"column":29},"end":{"line":17,"column":62}},"type":"binary-expr","locations":[{"start":{"line":17,"column":29},"end":{"line":17,"column":35}},{"start":{"line":17,"column":39},"end":{"line":17,"column":62}}],"line":17},"2":{"loc":{"start":{"line":26,"column":41},"end":{"line":26,"column":78}},"type":"binary-expr","locations":[{"start":{"line":26,"column":41},"end":{"line":26,"column":61}},{"start":{"line":26,"column":65},"end":{"line":26,"column":78}}],"line":26}},"s":{"0":4,"1":1,"2":1,"3":1,"4":1,"5":1,"6":1,"7":1,"8":1,"9":1,"10":0,"11":0,"12":4},"f":{"0":1},"b":{"0":[1,0],"1":[1,0],"2":[0,0]},"_coverageSchema":"1a1c01bbd47fc00a2c39e90264f33305004495a9","hash":"0978e553b8c67c5a911ca50d4ba809b457625ad3"}
,"C:\\Users\\Usuario\\Documents\\GitHub\\via-cep\\backend\\src\\services\\viaCepService.js": {"path":"C:\\Users\\Usuario\\Documents\\GitHub\\via-cep\\backend\\src\\services\\viaCepService.js","statementMap":{"0":{"start":{"line":1,"column":14},"end":{"line":1,"column":30}},"1":{"start":{"line":3,"column":22},"end":{"line":3,"column":112}},"2":{"start":{"line":6,"column":14},"end":{"line":6,"column":25}},"3":{"start":{"line":8,"column":19},"end":{"line":21,"column":3}},"4":{"start":{"line":23,"column":2},"end":{"line":28,"column":3}},"5":{"start":{"line":24,"column":4},"end":{"line":24,"column":56}},"6":{"start":{"line":26,"column":4},"end":{"line":26,"column":78}},"7":{"start":{"line":27,"column":4},"end":{"line":27,"column":43}},"8":{"start":{"line":31,"column":0},"end":{"line":33,"column":2}}},"fnMap":{"0":{"name":"saveCepToFirestore","decl":{"start":{"line":5,"column":15},"end":{"line":5,"column":33}},"loc":{"start":{"line":5,"column":43},"end":{"line":29,"column":1}},"line":5}},"branchMap":{"0":{"loc":{"start":{"line":11,"column":33},"end":{"line":11,"column":57}},"type":"binary-expr","locations":[{"start":{"line":11,"column":33},"end":{"line":11,"column":51}},{"start":{"line":11,"column":55},"end":{"line":11,"column":57}}],"line":11},"1":{"loc":{"start":{"line":12,"column":29},"end":{"line":12,"column":49}},"type":"binary-expr","locations":[{"start":{"line":12,"column":29},"end":{"line":12,"column":43}},{"start":{"line":12,"column":47},"end":{"line":12,"column":49}}],"line":12},"2":{"loc":{"start":{"line":13,"column":33},"end":{"line":13,"column":57}},"type":"binary-expr","locations":[{"start":{"line":13,"column":33},"end":{"line":13,"column":51}},{"start":{"line":13,"column":55},"end":{"line":13,"column":57}}],"line":13},"3":{"loc":{"start":{"line":14,"column":25},"end":{"line":14,"column":41}},"type":"binary-expr","locations":[{"start":{"line":14,"column":25},"end":{"line":14,"column":35}},{"start":{"line":14,"column":39},"end":{"line":14,"column":41}}],"line":14},"4":{"loc":{"start":{"line":15,"column":26},"end":{"line":15,"column":43}},"type":"binary-expr","locations":[{"start":{"line":15,"column":26},"end":{"line":15,"column":37}},{"start":{"line":15,"column":41},"end":{"line":15,"column":43}}],"line":15},"5":{"loc":{"start":{"line":16,"column":26},"end":{"line":16,"column":43}},"type":"binary-expr","locations":[{"start":{"line":16,"column":26},"end":{"line":16,"column":37}},{"start":{"line":16,"column":41},"end":{"line":16,"column":43}}],"line":16},"6":{"loc":{"start":{"line":17,"column":27},"end":{"line":17,"column":45}},"type":"binary-expr","locations":[{"start":{"line":17,"column":27},"end":{"line":17,"column":39}},{"start":{"line":17,"column":43},"end":{"line":17,"column":45}}],"line":17},"7":{"loc":{"start":{"line":18,"column":28},"end":{"line":18,"column":47}},"type":"binary-expr","locations":[{"start":{"line":18,"column":28},"end":{"line":18,"column":41}},{"start":{"line":18,"column":45},"end":{"line":18,"column":47}}],"line":18},"8":{"loc":{"start":{"line":19,"column":34},"end":{"line":19,"column":61}},"type":"binary-expr","locations":[{"start":{"line":19,"column":34},"end":{"line":19,"column":52}},{"start":{"line":19,"column":56},"end":{"line":19,"column":61}}],"line":19},"9":{"loc":{"start":{"line":26,"column":39},"end":{"line":26,"column":76}},"type":"binary-expr","locations":[{"start":{"line":26,"column":39},"end":{"line":26,"column":59}},{"start":{"line":26,"column":63},"end":{"line":26,"column":76}}],"line":26}},"s":{"0":5,"1":5,"2":4,"3":4,"4":4,"5":4,"6":1,"7":1,"8":5},"f":{"0":4},"b":{"0":[4,0],"1":[4,2],"2":[4,2],"3":[4,2],"4":[4,2],"5":[4,4],"6":[4,2],"7":[4,2],"8":[4,4],"9":[1,1]},"_coverageSchema":"1a1c01bbd47fc00a2c39e90264f33305004495a9","hash":"f9c20e76dc21beb223a06bd98538f098e28337a8"}
}
