{"C:\\Users\\Usuario\\Documents\\GitHub\\via-cep\\src\\controllers\\cepController.js": {"path":"C:\\Users\\Usuario\\Documents\\GitHub\\via-cep\\src\\controllers\\cepController.js","statementMap":{"0":{"start":{"line":1,"column":14},"end":{"line":1,"column":30}},"1":{"start":{"line":2,"column":31},"end":{"line":2,"column":67}},"2":{"start":{"line":5,"column":14},"end":{"line":5,"column":73}},"3":{"start":{"line":6,"column":19},"end":{"line":6,"column":39}},"4":{"start":{"line":7,"column":15},"end":{"line":7,"column":28}},"5":{"start":{"line":9,"column":2},"end":{"line":11,"column":3}},"6":{"start":{"line":10,"column":4},"end":{"line":10,"column":37}},"7":{"start":{"line":15,"column":2},"end":{"line":36,"column":3}},"8":{"start":{"line":16,"column":21},"end":{"line":16,"column":73}},"9":{"start":{"line":17,"column":22},"end":{"line":17,"column":51}},"10":{"start":{"line":19,"column":17},"end":{"line":30,"column":6}},"11":{"start":{"line":20,"column":19},"end":{"line":20,"column":29}},"12":{"start":{"line":21,"column":6},"end":{"line":29,"column":8}},"13":{"start":{"line":32,"column":4},"end":{"line":32,"column":31}},"14":{"start":{"line":34,"column":4},"end":{"line":34,"column":80}},"15":{"start":{"line":35,"column":4},"end":{"line":35,"column":58}},"16":{"start":{"line":40,"column":54},"end":{"line":40,"column":62}},"17":{"start":{"line":42,"column":2},"end":{"line":58,"column":3}},"18":{"start":{"line":43,"column":21},"end":{"line":52,"column":6}},"19":{"start":{"line":54,"column":4},"end":{"line":54,"column":74}},"20":{"start":{"line":56,"column":4},"end":{"line":56,"column":74}},"21":{"start":{"line":57,"column":4},"end":{"line":57,"column":56}},"22":{"start":{"line":62,"column":16},"end":{"line":62,"column":30}},"23":{"start":{"line":64,"column":2},"end":{"line":78,"column":3}},"24":{"start":{"line":65,"column":21},"end":{"line":72,"column":6}},"25":{"start":{"line":74,"column":4},"end":{"line":74,"column":73}},"26":{"start":{"line":76,"column":4},"end":{"line":76,"column":82}},"27":{"start":{"line":77,"column":4},"end":{"line":77,"column":60}},"28":{"start":{"line":82,"column":16},"end":{"line":82,"column":30}},"29":{"start":{"line":84,"column":2},"end":{"line":95,"column":3}},"30":{"start":{"line":85,"column":21},"end":{"line":89,"column":6}},"31":{"start":{"line":91,"column":4},"end":{"line":91,"column":77}},"32":{"start":{"line":93,"column":4},"end":{"line":93,"column":84}},"33":{"start":{"line":94,"column":4},"end":{"line":94,"column":62}},"34":{"start":{"line":98,"column":0},"end":{"line":104,"column":2}}},"fnMap":{"0":{"name":"syncCeps","decl":{"start":{"line":4,"column":15},"end":{"line":4,"column":23}},"loc":{"start":{"line":4,"column":26},"end":{"line":12,"column":1}},"line":4},"1":{"name":"listCeps","decl":{"start":{"line":14,"column":15},"end":{"line":14,"column":23}},"loc":{"start":{"line":14,"column":34},"end":{"line":37,"column":1}},"line":14},"2":{"name":"(anonymous_2)","decl":{"start":{"line":19,"column":31},"end":{"line":19,"column":32}},"loc":{"start":{"line":19,"column":38},"end":{"line":30,"column":5}},"line":19},"3":{"name":"createCep","decl":{"start":{"line":39,"column":15},"end":{"line":39,"column":24}},"loc":{"start":{"line":39,"column":35},"end":{"line":59,"column":1}},"line":39},"4":{"name":"favoriteCep","decl":{"start":{"line":61,"column":15},"end":{"line":61,"column":26}},"loc":{"start":{"line":61,"column":37},"end":{"line":79,"column":1}},"line":61},"5":{"name":"unfavoriteCep","decl":{"start":{"line":81,"column":15},"end":{"line":81,"column":28}},"loc":{"start":{"line":81,"column":39},"end":{"line":96,"column":1}},"line":81}},"branchMap":{"0":{"loc":{"start":{"line":17,"column":22},"end":{"line":17,"column":51}},"type":"binary-expr","locations":[{"start":{"line":17,"column":22},"end":{"line":17,"column":45}},{"start":{"line":17,"column":49},"end":{"line":17,"column":51}}],"line":17},"1":{"loc":{"start":{"line":23,"column":13},"end":{"line":23,"column":40}},"type":"binary-expr","locations":[{"start":{"line":23,"column":13},"end":{"line":23,"column":34}},{"start":{"line":23,"column":38},"end":{"line":23,"column":40}}],"line":23},"2":{"loc":{"start":{"line":24,"column":20},"end":{"line":24,"column":54}},"type":"binary-expr","locations":[{"start":{"line":24,"column":20},"end":{"line":24,"column":48}},{"start":{"line":24,"column":52},"end":{"line":24,"column":54}}],"line":24},"3":{"loc":{"start":{"line":25,"column":16},"end":{"line":25,"column":46}},"type":"binary-expr","locations":[{"start":{"line":25,"column":16},"end":{"line":25,"column":40}},{"start":{"line":25,"column":44},"end":{"line":25,"column":46}}],"line":25},"4":{"loc":{"start":{"line":26,"column":20},"end":{"line":26,"column":54}},"type":"binary-expr","locations":[{"start":{"line":26,"column":20},"end":{"line":26,"column":48}},{"start":{"line":26,"column":52},"end":{"line":26,"column":54}}],"line":26},"5":{"loc":{"start":{"line":27,"column":12},"end":{"line":27,"column":38}},"type":"binary-expr","locations":[{"start":{"line":27,"column":12},"end":{"line":27,"column":32}},{"start":{"line":27,"column":36},"end":{"line":27,"column":38}}],"line":27},"6":{"loc":{"start":{"line":28,"column":20},"end":{"line":28,"column":58}},"type":"binary-expr","locations":[{"start":{"line":28,"column":20},"end":{"line":28,"column":49}},{"start":{"line":28,"column":53},"end":{"line":28,"column":58}}],"line":28},"7":{"loc":{"start":{"line":34,"column":41},"end":{"line":34,"column":78}},"type":"binary-expr","locations":[{"start":{"line":34,"column":41},"end":{"line":34,"column":61}},{"start":{"line":34,"column":65},"end":{"line":34,"column":78}}],"line":34},"8":{"loc":{"start":{"line":56,"column":35},"end":{"line":56,"column":72}},"type":"binary-expr","locations":[{"start":{"line":56,"column":35},"end":{"line":56,"column":55}},{"start":{"line":56,"column":59},"end":{"line":56,"column":72}}],"line":56},"9":{"loc":{"start":{"line":76,"column":43},"end":{"line":76,"column":80}},"type":"binary-expr","locations":[{"start":{"line":76,"column":43},"end":{"line":76,"column":63}},{"start":{"line":76,"column":67},"end":{"line":76,"column":80}}],"line":76},"10":{"loc":{"start":{"line":93,"column":45},"end":{"line":93,"column":82}},"type":"binary-expr","locations":[{"start":{"line":93,"column":45},"end":{"line":93,"column":65}},{"start":{"line":93,"column":69},"end":{"line":93,"column":82}}],"line":93}},"s":{"0":1,"1":1,"2":0,"3":0,"4":0,"5":0,"6":0,"7":1,"8":1,"9":1,"10":1,"11":1,"12":1,"13":1,"14":0,"15":0,"16":1,"17":1,"18":1,"19":1,"20":0,"21":0,"22":1,"23":1,"24":1,"25":1,"26":0,"27":0,"28":1,"29":1,"30":1,"31":1,"32":0,"33":0,"34":1},"f":{"0":0,"1":1,"2":1,"3":1,"4":1,"5":1},"b":{"0":[1,0],"1":[1,0],"2":[1,0],"3":[1,0],"4":[1,0],"5":[1,0],"6":[1,1],"7":[0,0],"8":[0,0],"9":[0,0],"10":[0,0]},"_coverageSchema":"1a1c01bbd47fc00a2c39e90264f33305004495a9","hash":"548470a63d4587a72777996af5a4fe5bb98391ab"}
,"C:\\Users\\Usuario\\Documents\\GitHub\\via-cep\\src\\services\\viaCepService.js": {"path":"C:\\Users\\Usuario\\Documents\\GitHub\\via-cep\\src\\services\\viaCepService.js","statementMap":{"0":{"start":{"line":1,"column":14},"end":{"line":1,"column":30}},"1":{"start":{"line":3,"column":22},"end":{"line":3,"column":112}},"2":{"start":{"line":6,"column":14},"end":{"line":6,"column":25}},"3":{"start":{"line":8,"column":19},"end":{"line":21,"column":3}},"4":{"start":{"line":23,"column":2},"end":{"line":28,"column":3}},"5":{"start":{"line":24,"column":4},"end":{"line":24,"column":62}},"6":{"start":{"line":26,"column":4},"end":{"line":26,"column":78}},"7":{"start":{"line":27,"column":4},"end":{"line":27,"column":43}},"8":{"start":{"line":31,"column":0},"end":{"line":33,"column":2}}},"fnMap":{"0":{"name":"saveCepToFirestore","decl":{"start":{"line":5,"column":15},"end":{"line":5,"column":33}},"loc":{"start":{"line":5,"column":43},"end":{"line":29,"column":1}},"line":5}},"branchMap":{"0":{"loc":{"start":{"line":11,"column":33},"end":{"line":11,"column":57}},"type":"binary-expr","locations":[{"start":{"line":11,"column":33},"end":{"line":11,"column":51}},{"start":{"line":11,"column":55},"end":{"line":11,"column":57}}],"line":11},"1":{"loc":{"start":{"line":12,"column":29},"end":{"line":12,"column":49}},"type":"binary-expr","locations":[{"start":{"line":12,"column":29},"end":{"line":12,"column":43}},{"start":{"line":12,"column":47},"end":{"line":12,"column":49}}],"line":12},"2":{"loc":{"start":{"line":13,"column":33},"end":{"line":13,"column":57}},"type":"binary-expr","locations":[{"start":{"line":13,"column":33},"end":{"line":13,"column":51}},{"start":{"line":13,"column":55},"end":{"line":13,"column":57}}],"line":13},"3":{"loc":{"start":{"line":14,"column":25},"end":{"line":14,"column":41}},"type":"binary-expr","locations":[{"start":{"line":14,"column":25},"end":{"line":14,"column":35}},{"start":{"line":14,"column":39},"end":{"line":14,"column":41}}],"line":14},"4":{"loc":{"start":{"line":15,"column":26},"end":{"line":15,"column":43}},"type":"binary-expr","locations":[{"start":{"line":15,"column":26},"end":{"line":15,"column":37}},{"start":{"line":15,"column":41},"end":{"line":15,"column":43}}],"line":15},"5":{"loc":{"start":{"line":16,"column":26},"end":{"line":16,"column":43}},"type":"binary-expr","locations":[{"start":{"line":16,"column":26},"end":{"line":16,"column":37}},{"start":{"line":16,"column":41},"end":{"line":16,"column":43}}],"line":16},"6":{"loc":{"start":{"line":17,"column":27},"end":{"line":17,"column":45}},"type":"binary-expr","locations":[{"start":{"line":17,"column":27},"end":{"line":17,"column":39}},{"start":{"line":17,"column":43},"end":{"line":17,"column":45}}],"line":17},"7":{"loc":{"start":{"line":18,"column":28},"end":{"line":18,"column":47}},"type":"binary-expr","locations":[{"start":{"line":18,"column":28},"end":{"line":18,"column":41}},{"start":{"line":18,"column":45},"end":{"line":18,"column":47}}],"line":18},"8":{"loc":{"start":{"line":19,"column":34},"end":{"line":19,"column":61}},"type":"binary-expr","locations":[{"start":{"line":19,"column":34},"end":{"line":19,"column":52}},{"start":{"line":19,"column":56},"end":{"line":19,"column":61}}],"line":19},"9":{"loc":{"start":{"line":26,"column":39},"end":{"line":26,"column":76}},"type":"binary-expr","locations":[{"start":{"line":26,"column":39},"end":{"line":26,"column":59}},{"start":{"line":26,"column":63},"end":{"line":26,"column":76}}],"line":26}},"s":{"0":2,"1":2,"2":2,"3":2,"4":2,"5":2,"6":1,"7":1,"8":2},"f":{"0":2},"b":{"0":[2,0],"1":[2,0],"2":[2,0],"3":[2,0],"4":[2,0],"5":[2,2],"6":[2,0],"7":[2,0],"8":[2,2],"9":[1,1]},"_coverageSchema":"1a1c01bbd47fc00a2c39e90264f33305004495a9","hash":"cbc8e1e1ee3b7659d2013fef6c3c95d69be5a9e9"}
}
