TN:
SF:src\controllers\cepController.js
FN:4,syncCeps
FN:14,listCeps
FN:19,(anonymous_2)
FN:39,createCep
FN:61,favoriteCep
FN:81,unfavoriteCep
FNF:6
FNH:5
FNDA:0,syncCeps
FNDA:1,listCeps
FNDA:1,(anonymous_2)
FNDA:1,createCep
FNDA:1,favoriteCep
FNDA:1,unfavoriteCep
DA:1,1
DA:2,1
DA:5,0
DA:6,0
DA:7,0
DA:9,0
DA:10,0
DA:15,1
DA:16,1
DA:17,1
DA:19,1
DA:20,1
DA:21,1
DA:32,1
DA:34,0
DA:35,0
DA:40,1
DA:42,1
DA:43,1
DA:54,1
DA:56,0
DA:57,0
DA:62,1
DA:64,1
DA:65,1
DA:74,1
DA:76,0
DA:77,0
DA:82,1
DA:84,1
DA:85,1
DA:91,1
DA:93,0
DA:94,0
DA:98,1
LF:35
LH:22
BRDA:17,0,0,1
BRDA:17,0,1,0
BRDA:23,1,0,1
BRDA:23,1,1,0
BRDA:24,2,0,1
BRDA:24,2,1,0
BRDA:25,3,0,1
BRDA:25,3,1,0
BRDA:26,4,0,1
BRDA:26,4,1,0
BRDA:27,5,0,1
BRDA:27,5,1,0
BRDA:28,6,0,1
BRDA:28,6,1,1
BRDA:34,7,0,0
BRDA:34,7,1,0
BRDA:56,8,0,0
BRDA:56,8,1,0
BRDA:76,9,0,0
BRDA:76,9,1,0
BRDA:93,10,0,0
BRDA:93,10,1,0
BRF:22
BRH:8
end_of_record
TN:
SF:src\services\viaCepService.js
FN:5,saveCepToFirestore
FNF:1
FNH:1
FNDA:2,saveCepToFirestore
DA:1,2
DA:3,2
DA:6,2
DA:8,2
DA:23,2
DA:24,2
DA:26,1
DA:27,1
DA:31,2
LF:9
LH:9
BRDA:11,0,0,2
BRDA:11,0,1,0
BRDA:12,1,0,2
BRDA:12,1,1,0
BRDA:13,2,0,2
BRDA:13,2,1,0
BRDA:14,3,0,2
BRDA:14,3,1,0
BRDA:15,4,0,2
BRDA:15,4,1,0
BRDA:16,5,0,2
BRDA:16,5,1,2
BRDA:17,6,0,2
BRDA:17,6,1,0
BRDA:18,7,0,2
BRDA:18,7,1,0
BRDA:19,8,0,2
BRDA:19,8,1,2
BRDA:26,9,0,1
BRDA:26,9,1,1
BRF:20
BRH:13
end_of_record
