TN:
SF:src\controllers\cepController.js
FN:4,syncCeps
FN:31,listCeps
FN:36,(anonymous_2)
FN:56,createCep
FN:119,favoriteCep
FN:139,unfavoriteCep
FNF:6
FNH:5
FNDA:0,syncCeps
FNDA:2,listCeps
FNDA:1,(anonymous_2)
FNDA:2,createCep
FNDA:2,favoriteCep
FNDA:1,unfavoriteCep
DA:1,1
DA:2,1
DA:5,0
DA:6,0
DA:7,0
DA:8,0
DA:9,0
DA:11,0
DA:13,0
DA:14,0
DA:15,0
DA:18,0
DA:19,0
DA:20,0
DA:23,0
DA:25,0
DA:26,0
DA:27,0
DA:32,2
DA:33,2
DA:34,1
DA:36,1
DA:37,1
DA:38,1
DA:49,1
DA:51,1
DA:52,1
DA:57,2
DA:59,2
DA:60,2
DA:71,1
DA:73,1
DA:74,1
DA:120,2
DA:122,2
DA:123,2
DA:132,1
DA:134,1
DA:135,1
DA:140,1
DA:142,1
DA:143,1
DA:149,1
DA:151,0
DA:152,0
DA:156,1
LF:46
LH:28
BRDA:13,0,0,0
BRDA:13,0,1,0
BRDA:26,1,0,0
BRDA:26,1,1,0
BRDA:34,2,0,1
BRDA:34,2,1,0
BRDA:40,3,0,1
BRDA:40,3,1,0
BRDA:41,4,0,1
BRDA:41,4,1,0
BRDA:42,5,0,1
BRDA:42,5,1,0
BRDA:43,6,0,1
BRDA:43,6,1,0
BRDA:44,7,0,1
BRDA:44,7,1,0
BRDA:45,8,0,1
BRDA:45,8,1,1
BRDA:51,9,0,1
BRDA:51,9,1,1
BRDA:73,10,0,1
BRDA:73,10,1,1
BRDA:134,11,0,1
BRDA:134,11,1,1
BRDA:151,12,0,0
BRDA:151,12,1,0
BRF:26
BRH:14
end_of_record
TN:
SF:src\services\viaCepService.js
FN:5,saveCepToFirestore
FNF:1
FNH:1
FNDA:2,saveCepToFirestore
DA:1,2
DA:3,2
DA:6,2
DA:8,2
DA:23,2
DA:24,2
DA:26,1
DA:27,1
DA:31,2
LF:9
LH:9
BRDA:11,0,0,2
BRDA:11,0,1,0
BRDA:12,1,0,2
BRDA:12,1,1,0
BRDA:13,2,0,2
BRDA:13,2,1,0
BRDA:14,3,0,2
BRDA:14,3,1,0
BRDA:15,4,0,2
BRDA:15,4,1,0
BRDA:16,5,0,2
BRDA:16,5,1,2
BRDA:17,6,0,2
BRDA:17,6,1,0
BRDA:18,7,0,2
BRDA:18,7,1,0
BRDA:19,8,0,2
BRDA:19,8,1,2
BRDA:26,9,0,1
BRDA:26,9,1,1
BRF:20
BRH:13
end_of_record
